<?xml version="1.0" encoding="UTF-8"?>
<!-- Generated by org.testng.reporters.JUnitXMLReporter -->
<testsuite hostname="Kyles-MacBook-Pro-2.local" ignored="0" name="Default test" tests="4" failures="0" timestamp="01 May 2018 02:52:45 GMT" time="18.753" errors="0">
  <testcase name="loginTest" time="1.297" classname="tests.LoginDDT"/>
  <testcase name="loginTest" time="0.435" classname="tests.LoginDDT"/>
  <testcase name="loginTest" time="0.614" classname="tests.LoginDDT"/>
  <testcase name="loginTest" time="0.519" classname="tests.LoginDDT"/>
</testsuite> <!-- Default test -->
