<?xml version="1.0" encoding="UTF-8"?>
<testng-results skipped="0" failed="0" ignored="0" total="1" passed="1">
  <reporter-output>
  </reporter-output>
  <suite name="Default suite" duration-ms="2646" started-at="2018-04-21T16:51:21Z" finished-at="2018-04-21T16:51:23Z">
    <groups>
    </groups>
    <test name="Default test" duration-ms="2646" started-at="2018-04-21T16:51:21Z" finished-at="2018-04-21T16:51:23Z">
      <class name="smoketests.ATagTest">
        <test-method status="PASS" signature="setUp()[pri:0, instance:smoketests.ATagTest@1b68ddbd]" name="setUp" is-config="true" duration-ms="2284" started-at="2018-04-21T16:51:21Z" finished-at="2018-04-21T16:51:23Z">
          <reporter-output>
          </reporter-output>
        </test-method> <!-- setUp -->
        <test-method status="PASS" signature="aTagsTest()[pri:0, instance:smoketests.ATagTest@1b68ddbd]" name="aTagsTest" duration-ms="231" started-at="2018-04-21T16:51:23Z" finished-at="2018-04-21T16:51:23Z">
          <reporter-output>
          </reporter-output>
        </test-method> <!-- aTagsTest -->
        <test-method status="PASS" signature="tearDown()[pri:0, instance:smoketests.ATagTest@1b68ddbd]" name="tearDown" is-config="true" duration-ms="109" started-at="2018-04-21T16:51:23Z" finished-at="2018-04-21T16:51:23Z">
          <reporter-output>
          </reporter-output>
        </test-method> <!-- tearDown -->
      </class> <!-- smoketests.ATagTest -->
    </test> <!-- Default test -->
  </suite> <!-- Default suite -->
</testng-results>
