<?xml version="1.0" encoding="UTF-8"?>
<testng-results skipped="0" failed="0" ignored="0" total="1" passed="1">
  <reporter-output>
  </reporter-output>
  <suite name="Default suite" duration-ms="4202" started-at="2018-04-19T22:55:05Z" finished-at="2018-04-19T22:55:10Z">
    <groups>
    </groups>
    <test name="Default test" duration-ms="4202" started-at="2018-04-19T22:55:05Z" finished-at="2018-04-19T22:55:10Z">
      <class name="smoketests.LoginTestNG">
        <test-method status="PASS" signature="setUp()[pri:0, instance:smoketests.LoginTestNG@1b68ddbd]" name="setUp" is-config="true" duration-ms="2666" started-at="2018-04-19T22:55:05Z" finished-at="2018-04-19T22:55:08Z">
          <reporter-output>
          </reporter-output>
        </test-method> <!-- setUp -->
        <test-method status="PASS" signature="loginElementsArePresent()[pri:0, instance:smoketests.LoginTestNG@1b68ddbd]" name="loginElementsArePresent" duration-ms="1510" started-at="2018-04-19T22:55:08Z" finished-at="2018-04-19T22:55:10Z">
          <reporter-output>
          </reporter-output>
        </test-method> <!-- loginElementsArePresent -->
        <test-method status="PASS" signature="tearDown()[pri:0, instance:smoketests.LoginTestNG@1b68ddbd]" name="tearDown" is-config="true" duration-ms="0" started-at="2018-04-19T22:55:10Z" finished-at="2018-04-19T22:55:10Z">
          <reporter-output>
          </reporter-output>
        </test-method> <!-- tearDown -->
      </class> <!-- smoketests.LoginTestNG -->
    </test> <!-- Default test -->
  </suite> <!-- Default suite -->
</testng-results>
