<?xml version="1.0" encoding="UTF-8"?>
<testng-results skipped="0" failed="0" ignored="0" total="1" passed="1">
  <reporter-output>
  </reporter-output>
  <suite name="Default suite" duration-ms="18434" started-at="2018-05-12T16:16:42Z" finished-at="2018-05-12T16:17:00Z">
    <groups>
    </groups>
    <test name="Default test" duration-ms="18434" started-at="2018-05-12T16:16:42Z" finished-at="2018-05-12T16:17:00Z">
      <class name="tests.Expedia">
        <test-method status="PASS" signature="setUp()[pri:0, instance:tests.Expedia@59e5ddf]" name="setUp" is-config="true" duration-ms="7397" started-at="2018-05-12T16:16:42Z" finished-at="2018-05-12T16:16:49Z">
          <reporter-output>
          </reporter-output>
        </test-method> <!-- setUp -->
        <test-method status="PASS" signature="hotelReservation()[pri:0, instance:tests.Expedia@59e5ddf]" name="hotelReservation" duration-ms="11010" started-at="2018-05-12T16:16:49Z" finished-at="2018-05-12T16:17:00Z">
          <reporter-output>
          </reporter-output>
        </test-method> <!-- hotelReservation -->
        <test-method status="PASS" signature="tearDown()[pri:0, instance:tests.Expedia@59e5ddf]" name="tearDown" is-config="true" duration-ms="0" started-at="2018-05-12T16:17:00Z" finished-at="2018-05-12T16:17:00Z">
          <reporter-output>
          </reporter-output>
        </test-method> <!-- tearDown -->
      </class> <!-- tests.Expedia -->
    </test> <!-- Default test -->
  </suite> <!-- Default suite -->
</testng-results>
