<?xml version="1.0" encoding="UTF-8"?>
<testng-results skipped="0" failed="1" ignored="0" total="1" passed="0">
  <reporter-output>
  </reporter-output>
  <suite name="Default suite" duration-ms="21711" started-at="2018-05-09T23:55:05Z" finished-at="2018-05-09T23:55:27Z">
    <groups>
    </groups>
    <test name="Default test" duration-ms="21711" started-at="2018-05-09T23:55:05Z" finished-at="2018-05-09T23:55:27Z">
      <class name="tests.Expedia">
        <test-method status="PASS" signature="setUp()[pri:0, instance:tests.Expedia@59e5ddf]" name="setUp" is-config="true" duration-ms="8597" started-at="2018-05-09T23:55:05Z" finished-at="2018-05-09T23:55:14Z">
          <reporter-output>
          </reporter-output>
        </test-method> <!-- setUp -->
        <test-method status="FAIL" signature="hotelReservation()[pri:0, instance:tests.Expedia@59e5ddf]" name="hotelReservation" duration-ms="13086" started-at="2018-05-09T23:55:14Z" finished-at="2018-05-09T23:55:27Z">
          <exception class="org.openqa.selenium.WebDriverException">
            <message>
              <![CDATA[unknown error: Element <a class="flex-link" target="4182702" href="https://www.expedia.com/New-York-Hotels-YOTEL-New-York.h4182702.Hotel-Information?chkin=7%2F10%2F2018&amp;chkout=7%2F12%2F2018&amp;rm1=a2&amp;hwrqCacheKey=24c3bc92-8772-41ea-9620-f4f483eeacd2HWRQ1525910119984&amp;cancellable=false&amp;regionId=178293&amp;vip=false&amp;c=e6c55c5e-7779-4403-973d-1a6dc9bf126a&amp;&amp;exp_dp=296.1&amp;exp_ts=1525910121007&amp;exp_curr=USD&amp;swpToggleOn=false&amp;exp_pg=HSR" data-track="HOT:SR:HotelModule" tabindex="0">...</a> is not clickable at point (745, 491). Other element would receive the click: <div class="opi-overlay"></div>
  (Session info: chrome=66.0.3359.139)
  (Driver info: chromedriver=2.36.540469 (1881fd7f8641508feb5166b7cae561d87723cfa8),platform=Mac OS X 10.13.4 x86_64) (WARNING: The server did not provide any stacktrace information)
Command duration or timeout: 0 milliseconds
Build info: version: '3.11.0', revision: 'e59cfb3', time: '2018-03-11T20:33:15.31Z'
System info: host: 'Kyles-MacBook-Pro-2.local', ip: '2601:1c2:500:92cd:0:0:0:68ac', os.name: 'Mac OS X', os.arch: 'x86_64', os.version: '10.13.4', java.version: '1.8.0_77'
Driver info: org.openqa.selenium.chrome.ChromeDriver
Capabilities {acceptInsecureCerts: false, acceptSslCerts: false, applicationCacheEnabled: false, browserConnectionEnabled: false, browserName: chrome, chrome: {chromedriverVersion: 2.36.540469 (1881fd7f864150..., userDataDir: /var/folders/wy/vyzk1vtd637...}, cssSelectorsEnabled: true, databaseEnabled: false, handlesAlerts: true, hasTouchScreen: false, javascriptEnabled: true, locationContextEnabled: true, mobileEmulationEnabled: false, nativeEvents: true, networkConnectionEnabled: false, pageLoadStrategy: normal, platform: MAC, platformName: MAC, rotatable: false, setWindowRect: true, takesHeapSnapshot: true, takesScreenshot: true, unexpectedAlertBehaviour: , unhandledPromptBehavior: , version: 66.0.3359.139, webStorageEnabled: true}
Session ID: 0b9e117c68ca687bc68710212551f1b9]]>
            </message>
            <full-stacktrace>
              <![CDATA[org.openqa.selenium.WebDriverException: unknown error: Element <a class="flex-link" target="4182702" href="https://www.expedia.com/New-York-Hotels-YOTEL-New-York.h4182702.Hotel-Information?chkin=7%2F10%2F2018&amp;chkout=7%2F12%2F2018&amp;rm1=a2&amp;hwrqCacheKey=24c3bc92-8772-41ea-9620-f4f483eeacd2HWRQ1525910119984&amp;cancellable=false&amp;regionId=178293&amp;vip=false&amp;c=e6c55c5e-7779-4403-973d-1a6dc9bf126a&amp;&amp;exp_dp=296.1&amp;exp_ts=1525910121007&amp;exp_curr=USD&amp;swpToggleOn=false&amp;exp_pg=HSR" data-track="HOT:SR:HotelModule" tabindex="0">...</a> is not clickable at point (745, 491). Other element would receive the click: <div class="opi-overlay"></div>
  (Session info: chrome=66.0.3359.139)
  (Driver info: chromedriver=2.36.540469 (1881fd7f8641508feb5166b7cae561d87723cfa8),platform=Mac OS X 10.13.4 x86_64) (WARNING: The server did not provide any stacktrace information)
Command duration or timeout: 0 milliseconds
Build info: version: '3.11.0', revision: 'e59cfb3', time: '2018-03-11T20:33:15.31Z'
System info: host: 'Kyles-MacBook-Pro-2.local', ip: '2601:1c2:500:92cd:0:0:0:68ac', os.name: 'Mac OS X', os.arch: 'x86_64', os.version: '10.13.4', java.version: '1.8.0_77'
Driver info: org.openqa.selenium.chrome.ChromeDriver
Capabilities {acceptInsecureCerts: false, acceptSslCerts: false, applicationCacheEnabled: false, browserConnectionEnabled: false, browserName: chrome, chrome: {chromedriverVersion: 2.36.540469 (1881fd7f864150..., userDataDir: /var/folders/wy/vyzk1vtd637...}, cssSelectorsEnabled: true, databaseEnabled: false, handlesAlerts: true, hasTouchScreen: false, javascriptEnabled: true, locationContextEnabled: true, mobileEmulationEnabled: false, nativeEvents: true, networkConnectionEnabled: false, pageLoadStrategy: normal, platform: MAC, platformName: MAC, rotatable: false, setWindowRect: true, takesHeapSnapshot: true, takesScreenshot: true, unexpectedAlertBehaviour: , unhandledPromptBehavior: , version: 66.0.3359.139, webStorageEnabled: true}
Session ID: 0b9e117c68ca687bc68710212551f1b9
at sun.reflect.NativeConstructorAccessorImpl.newInstance0(Native Method)
at sun.reflect.NativeConstructorAccessorImpl.newInstance(NativeConstructorAccessorImpl.java:62)
at sun.reflect.DelegatingConstructorAccessorImpl.newInstance(DelegatingConstructorAccessorImpl.java:45)
at java.lang.reflect.Constructor.newInstance(Constructor.java:423)
at org.openqa.selenium.remote.ErrorHandler.createThrowable(ErrorHandler.java:214)
at org.openqa.selenium.remote.ErrorHandler.throwIfResponseFailed(ErrorHandler.java:166)
at org.openqa.selenium.remote.http.JsonHttpResponseCodec.reconstructValue(JsonHttpResponseCodec.java:40)
at org.openqa.selenium.remote.http.AbstractHttpResponseCodec.decode(AbstractHttpResponseCodec.java:80)
at org.openqa.selenium.remote.http.AbstractHttpResponseCodec.decode(AbstractHttpResponseCodec.java:44)
at org.openqa.selenium.remote.HttpCommandExecutor.execute(HttpCommandExecutor.java:158)
at org.openqa.selenium.remote.service.DriverCommandExecutor.execute(DriverCommandExecutor.java:83)
at org.openqa.selenium.remote.RemoteWebDriver.execute(RemoteWebDriver.java:545)
at org.openqa.selenium.remote.RemoteWebElement.execute(RemoteWebElement.java:279)
at org.openqa.selenium.remote.RemoteWebElement.click(RemoteWebElement.java:83)
at tests.Expedia.hotelReservation(Expedia.java:50)
at sun.reflect.NativeMethodAccessorImpl.invoke0(Native Method)
at sun.reflect.NativeMethodAccessorImpl.invoke(NativeMethodAccessorImpl.java:62)
at sun.reflect.DelegatingMethodAccessorImpl.invoke(DelegatingMethodAccessorImpl.java:43)
at java.lang.reflect.Method.invoke(Method.java:498)
at org.testng.internal.MethodInvocationHelper.invokeMethod(MethodInvocationHelper.java:124)
at org.testng.internal.Invoker.invokeMethod(Invoker.java:580)
at org.testng.internal.Invoker.invokeTestMethod(Invoker.java:716)
at org.testng.internal.Invoker.invokeTestMethods(Invoker.java:988)
at org.testng.internal.TestMethodWorker.invokeTestMethods(TestMethodWorker.java:125)
at org.testng.internal.TestMethodWorker.run(TestMethodWorker.java:109)
at org.testng.TestRunner.privateRun(TestRunner.java:648)
at org.testng.TestRunner.run(TestRunner.java:505)
at org.testng.SuiteRunner.runTest(SuiteRunner.java:455)
at org.testng.SuiteRunner.runSequentially(SuiteRunner.java:450)
at org.testng.SuiteRunner.privateRun(SuiteRunner.java:415)
at org.testng.SuiteRunner.run(SuiteRunner.java:364)
at org.testng.SuiteRunnerWorker.runSuite(SuiteRunnerWorker.java:52)
at org.testng.SuiteRunnerWorker.run(SuiteRunnerWorker.java:84)
at org.testng.TestNG.runSuitesSequentially(TestNG.java:1208)
at org.testng.TestNG.runSuitesLocally(TestNG.java:1137)
at org.testng.TestNG.runSuites(TestNG.java:1049)
at org.testng.TestNG.run(TestNG.java:1017)
at org.testng.remote.AbstractRemoteTestNG.run(AbstractRemoteTestNG.java:114)
at org.testng.remote.RemoteTestNG.initAndRun(RemoteTestNG.java:251)
at org.testng.remote.RemoteTestNG.main(RemoteTestNG.java:77)
]]>
            </full-stacktrace>
          </exception> <!-- org.openqa.selenium.WebDriverException -->
          <reporter-output>
          </reporter-output>
        </test-method> <!-- hotelReservation -->
        <test-method status="PASS" signature="tearDown()[pri:0, instance:tests.Expedia@59e5ddf]" name="tearDown" is-config="true" duration-ms="0" started-at="2018-05-09T23:55:27Z" finished-at="2018-05-09T23:55:27Z">
          <reporter-output>
          </reporter-output>
        </test-method> <!-- tearDown -->
      </class> <!-- tests.Expedia -->
    </test> <!-- Default test -->
  </suite> <!-- Default suite -->
</testng-results>
